<?xml version="1.0" encoding="UTF-8"?>
<!-- Generated by org.testng.reporters.JUnitXMLReporter -->
<testsuite ignored="3" hostname="DESKTOP-FPPI0PB" failures="0" tests="1" name="Default test" time="4.757" errors="0" timestamp="13 May 2021 17:21:19 GMT">
  <testcase classname="com.qa.codedog.testCases.TC01_Hacienda_ping" name="checkResponseTime" time="0.009"/>
  <testcase classname="com.qa.codedog.testCases.TC01_Hacienda_ping" name="checkstatusLine" time="0.0">
    <ignored/>
  </testcase> <!-- checkstatusLine -->
  <testcase classname="com.qa.codedog.testCases.TC01_Hacienda_ping" name="checkResposeBody" time="0.0">
    <ignored/>
  </testcase> <!-- checkResposeBody -->
  <testcase classname="com.qa.codedog.testCases.TC01_Hacienda_ping" name="checkStatusCode" time="0.0">
    <ignored/>
  </testcase> <!-- checkStatusCode -->
</testsuite> <!-- Default test -->
