<?xml version="1.0" encoding="UTF-8"?>
<!-- Generated by org.testng.reporters.JUnitXMLReporter -->
<testsuite ignored="0" hostname="DESKTOP-FPPI0PB" failures="0" tests="8" name="Test" time="14.64" errors="0" timestamp="13 May 2021 15:58:34 GMT">
  <testcase classname="com.qa.codedog.testCases.TC01_Hacienda_ping" name="checkResponseTime" time="0.029"/>
  <testcase classname="com.qa.codedog.testCases.TC01_Hacienda_ping" name="checkResposeBody" time="0.189"/>
  <testcase classname="com.qa.codedog.testCases.TC01_Hacienda_ping" name="checkStatusCode" time="0.006"/>
  <testcase classname="com.qa.codedog.testCases.TC01_Hacienda_ping" name="checkstatusLine" time="0.007"/>
  <testcase classname="com.qa.codedog.testCases.TC02_Hacienda_compliance" name="checkResponseTime" time="0.005"/>
  <testcase classname="com.qa.codedog.testCases.TC02_Hacienda_compliance" name="checkResposeBody" time="0.011"/>
  <testcase classname="com.qa.codedog.testCases.TC02_Hacienda_compliance" name="checkStatusCode" time="0.002"/>
  <testcase classname="com.qa.codedog.testCases.TC02_Hacienda_compliance" name="checkstatusLine" time="0.003"/>
</testsuite> <!-- Test -->
