<?xml version="1.0" encoding="UTF-8"?>
<testng-results ignored="3" total="4" passed="1" failed="0" skipped="0">
  <reporter-output>
  </reporter-output>
  <suite started-at="2021-05-13T17:21:14Z" name="Default suite" finished-at="2021-05-13T17:21:19Z" duration-ms="4757">
    <groups>
    </groups>
    <test started-at="2021-05-13T17:21:14Z" name="Default test" finished-at="2021-05-13T17:21:19Z" duration-ms="4757">
      <class name="com.qa.codedog.testCases.TC01_Hacienda_ping">
        <test-method is-config="true" signature="setup()[pri:0, instance:com.qa.codedog.testCases.TC01_Hacienda_ping@6cb6decd]" started-at="2021-05-13T17:21:14Z" name="setup" finished-at="2021-05-13T17:21:15Z" duration-ms="370" status="PASS">
          <reporter-output>
          </reporter-output>
        </test-method> <!-- setup -->
        <test-method is-config="true" signature="hacienda_ping()[pri:0, instance:com.qa.codedog.testCases.TC01_Hacienda_ping@6cb6decd]" started-at="2021-05-13T17:21:15Z" name="hacienda_ping" finished-at="2021-05-13T17:21:19Z" duration-ms="4353" status="PASS">
          <reporter-output>
          </reporter-output>
        </test-method> <!-- hacienda_ping -->
        <test-method signature="checkResponseTime()[pri:0, instance:com.qa.codedog.testCases.TC01_Hacienda_ping@6cb6decd]" started-at="2021-05-13T17:21:19Z" name="checkResponseTime" finished-at="2021-05-13T17:21:19Z" duration-ms="9" status="PASS">
          <reporter-output>
          </reporter-output>
        </test-method> <!-- checkResponseTime -->
        <test-method is-config="true" signature="tearDown()[pri:0, instance:com.qa.codedog.testCases.TC01_Hacienda_ping@6cb6decd]" started-at="2021-05-13T17:21:19Z" name="tearDown" finished-at="2021-05-13T17:21:19Z" duration-ms="1" status="PASS">
          <reporter-output>
          </reporter-output>
        </test-method> <!-- tearDown -->
      </class> <!-- com.qa.codedog.testCases.TC01_Hacienda_ping -->
    </test> <!-- Default test -->
  </suite> <!-- Default suite -->
</testng-results>
